#
# There is insufficient memory for the Java Runtime Environment to continue.
# Native memory allocation (malloc) failed to allocate 442736 bytes for Chunk::new
# Possible reasons:
#   The system is out of physical RAM or swap space
#   In 32 bit mode, the process size limit was hit
# Possible solutions:
#   Reduce memory load on the system
#   Increase physical memory or swap space
#   Check if swap backing store is full
#   Use 64 bit Java on a 64 bit OS
#   Decrease Java heap size (-Xmx/-Xms)
#   Decrease number of Java threads
#   Decrease Java thread stack sizes (-Xss)
#   Set larger code cache with -XX:ReservedCodeCacheSize=
# This output file may be truncated or incomplete.
#
#  Out of Memory Error (allocation.cpp:323), pid=10940, tid=12760
#
# JRE version: Java(TM) SE Runtime Environment (7.0_79-b15) (build 1.7.0_79-b15)
# Java VM: Java HotSpot(TM) 64-Bit Server VM (24.79-b02 mixed mode windows-amd64 compressed oops)
# Failed to write core dump. Minidumps are not enabled by default on client versions of Windows
#

---------------  T H R E A D  ---------------

Current thread (0x000000000b596000):  JavaThread "C2 CompilerThread0" daemon [_thread_in_native, id=12760, stack(0x000000000bd40000,0x000000000be40000)]

Stack: [0x000000000bd40000,0x000000000be40000]
[error occurred during error reporting (printing stack bounds), id 0xc0000005]


[error occurred during error reporting (printing native stack), id 0xc0000005]


Current CompileTask:
C2:    678   70             sun.misc.URLClassPath::getResource (74 bytes)


---------------  P R O C E S S  ---------------

Java Threads: ( => current thread )
  0x000000000b5bb000 JavaThread "Service Thread" daemon [_thread_blocked, id=13244, stack(0x000000000c0f0000,0x000000000c1f0000)]
  0x000000000b5b1000 JavaThread "C2 CompilerThread1" daemon [_thread_blocked, id=3664, stack(0x000000000bf40000,0x000000000c040000)]
=>0x000000000b596000 JavaThread "C2 CompilerThread0" daemon [_thread_in_native, id=12760, stack(0x000000000bd40000,0x000000000be40000)]
  0x000000000b594800 JavaThread "Attach Listener" daemon [_thread_blocked, id=3324, stack(0x000000000bb80000,0x000000000bc80000)]
  0x000000000b5b0800 JavaThread "Signal Dispatcher" daemon [_thread_blocked, id=14420, stack(0x000000000b600000,0x000000000b700000)]
  0x000000000b5ad800 JavaThread "Surrogate Locker Thread (Concurrent GC)" daemon [_thread_blocked, id=7516, stack(0x000000000ba40000,0x000000000bb40000)]
  0x000000000b53a000 JavaThread "Finalizer" daemon [_thread_blocked, id=15180, stack(0x000000000b930000,0x000000000ba30000)]
  0x000000000b533000 JavaThread "Reference Handler" daemon [_thread_blocked, id=15184, stack(0x0000000005c90000,0x0000000005d90000)]
  0x000000000264e000 JavaThread "main" [_thread_in_native, id=8540, stack(0x00000000026b0000,0x00000000027b0000)]

Other Threads:
  0x000000000b530000 VMThread [stack: 0x000000000b7e0000,0x000000000b8e0000] [id=15176]
  0x000000000b5cc000 WatcherThread [stack: 0x000000000be40000,0x000000000bf40000] [id=15024]

VM state:not at safepoint (normal execution)

VM Mutex/Monitor currently owned by a thread: None

Heap
 par new generation   total 477888K, used 23898K [0x0000000778000000, 0x00000007a3c00000, 0x00000007a3c00000)
  eden space 238976K,  10% used [0x0000000778000000, 0x0000000779756890, 0x0000000786960000)
  from space 238912K,   0% used [0x0000000786960000, 0x0000000786960000, 0x00000007952b0000)
  to   space 238912K,   0% used [0x00000007952b0000, 0x00000007952b0000, 0x00000007a3c00000)
 concurrent mark-sweep generation total 1380352K, used 0K [0x00000007a3c00000, 0x00000007f8000000, 0x00000007f8000000)
 concurrent-mark-sweep perm gen total 131072K, used 9800K [0x00000007f8000000, 0x0000000800000000, 0x0000000800000000)

Card table byte_map: [0x0000000005e90000,0x00000000062e0000] byte_map_base: 0x00000000022d0000

Polling page: 0x0000000000230000

Code Cache  [0x0000000002870000, 0x0000000002ae0000, 0x0000000005870000)
 total_blobs=342 nmethods=70 adapters=224 free_code_cache=48599Kb largest_free_block=49748224

Compilation events (10 events):
Event: 0.593 Thread 0x000000000b5b1000 nmethod 65 0x00000000028f3590 code [0x00000000028f36e0, 0x00000000028f38d8]
Event: 0.634 Thread 0x000000000b596000   66             java.lang.AbstractStringBuilder::append (48 bytes)
Event: 0.635 Thread 0x000000000b5b1000   67             java.lang.String::lastIndexOf (151 bytes)
Event: 0.637 Thread 0x000000000b596000 nmethod 66 0x00000000028f8950 code [0x00000000028f8aa0, 0x00000000028f8e78]
Event: 0.638 Thread 0x000000000b596000   68  s!         sun.misc.URLClassPath::getLoader (154 bytes)
Event: 0.639 Thread 0x000000000b5b1000 nmethod 67 0x00000000028f8350 code [0x00000000028f84a0, 0x00000000028f8718]
Event: 0.648 Thread 0x000000000b596000 nmethod 68 0x00000000028f9490 code [0x00000000028f9660, 0x00000000028fa4e0]
Event: 0.658 Thread 0x000000000b5b1000   69             java.util.HashMap::getEntry (86 bytes)
Event: 0.661 Thread 0x000000000b5b1000 nmethod 69 0x00000000028f7dd0 code [0x00000000028f7f40, 0x00000000028f8148]
Event: 0.662 Thread 0x000000000b596000   70             sun.misc.URLClassPath::getResource (74 bytes)

GC Heap History (0 events):
No events

Deoptimization events (0 events):
No events

Internal exceptions (10 events):
Event: 0.659 Thread 0x000000000264e000 Threw 0x000000077956c010 at C:\re\jdk7u79\2331\hotspot\src\share\vm\prims\jvm.cpp:1304
Event: 0.659 Thread 0x000000000264e000 Threw 0x000000077956f358 at C:\re\jdk7u79\2331\hotspot\src\share\vm\prims\jvm.cpp:1304
Event: 0.660 Thread 0x000000000264e000 Threw 0x0000000779572818 at C:\re\jdk7u79\2331\hotspot\src\share\vm\prims\jvm.cpp:1304
Event: 0.660 Thread 0x000000000264e000 Threw 0x0000000779576198 at C:\re\jdk7u79\2331\hotspot\src\share\vm\prims\jvm.cpp:1304
Event: 0.661 Thread 0x000000000264e000 Threw 0x000000077957fab0 at C:\re\jdk7u79\2331\hotspot\src\share\vm\prims\jvm.cpp:1304
Event: 0.662 Thread 0x000000000264e000 Threw 0x0000000779582f98 at C:\re\jdk7u79\2331\hotspot\src\share\vm\prims\jvm.cpp:1304
Event: 0.662 Thread 0x000000000264e000 Threw 0x0000000779587368 at C:\re\jdk7u79\2331\hotspot\src\share\vm\prims\jvm.cpp:1304
Event: 0.663 Thread 0x000000000264e000 Threw 0x000000077958a810 at C:\re\jdk7u79\2331\hotspot\src\share\vm\prims\jvm.cpp:1304
Event: 0.663 Thread 0x000000000264e000 Threw 0x000000077958d9f8 at C:\re\jdk7u79\2331\hotspot\src\share\vm\prims\jvm.cpp:1304
Event: 0.665 Thread 0x000000000264e000 Threw 0x000000077959a020 at C:\re\jdk7u79\2331\hotspot\src\share\vm\prims\jvm.cpp:1304

Events (10 events):
Event: 0.663 loading class 0x000000000c694890
Event: 0.663 loading class 0x000000000c694890 done
Event: 0.664 loading class 0x000000000c3cece0
Event: 0.664 loading class 0x000000000c3cece0 done
Event: 0.665 loading class 0x000000000c38fb80
Event: 0.665 loading class 0x000000000c38fb80 done
Event: 0.666 loading class 0x000000000c263010
Event: 0.666 loading class 0x000000000c263010 done
Event: 0.666 loading class 0x000000000c264530
Event: 0.666 loading class 0x000000000c264530 done


Dynamic libraries:
0x000000013f7b0000 - 0x000000013f7e3000 	C:\Windows\system32\java.exe
0x00000000772c0000 - 0x000000007746a000 	C:\Windows\SYSTEM32\ntdll.dll
0x00000000770a0000 - 0x00000000771bf000 	C:\Windows\system32\kernel32.dll
0x000007fefd350000 - 0x000007fefd3ba000 	C:\Windows\system32\KERNELBASE.dll
0x000007fefde30000 - 0x000007fefdf0b000 	C:\Windows\system32\ADVAPI32.dll
0x000007fefdb90000 - 0x000007fefdc2f000 	C:\Windows\system32\msvcrt.dll
0x000007fefd670000 - 0x000007fefd68f000 	C:\Windows\SYSTEM32\sechost.dll
0x000007fefdf10000 - 0x000007fefe03d000 	C:\Windows\system32\RPCRT4.dll
0x00000000771c0000 - 0x00000000772ba000 	C:\Windows\system32\USER32.dll
0x000007fefd460000 - 0x000007fefd4c7000 	C:\Windows\system32\GDI32.dll
0x000007fefdb80000 - 0x000007fefdb8e000 	C:\Windows\system32\LPK.dll
0x000007fefdc60000 - 0x000007fefdd2b000 	C:\Windows\system32\USP10.dll
0x000007fefb830000 - 0x000007fefba24000 	C:\Windows\WinSxS\amd64_microsoft.windows.common-controls_6595b64144ccf1df_6.0.7601.18837_none_fa3b1e3d17594757\COMCTL32.dll
0x000007fefe480000 - 0x000007fefe4f1000 	C:\Windows\system32\SHLWAPI.dll
0x000007fefdc30000 - 0x000007fefdc5e000 	C:\Windows\system32\IMM32.DLL
0x000007fefd690000 - 0x000007fefd799000 	C:\Windows\system32\MSCTF.dll
0x000000006a5f0000 - 0x000000006a6c2000 	C:\Program Files\Java\jre7\bin\msvcr100.dll
0x0000000077820000 - 0x0000000077ff5000 	C:\Program Files\Java\jre7\bin\server\jvm.dll
0x000007feeecb0000 - 0x000007feeecb9000 	C:\Windows\system32\WSOCK32.dll
0x000007fefe1d0000 - 0x000007fefe21d000 	C:\Windows\system32\WS2_32.dll
0x000007fefe1c0000 - 0x000007fefe1c8000 	C:\Windows\system32\NSI.dll
0x000007fefd100000 - 0x000007fefd13b000 	C:\Windows\system32\WINMM.dll
0x0000000077490000 - 0x0000000077497000 	C:\Windows\system32\PSAPI.DLL
0x000000006bb90000 - 0x000000006bb9f000 	C:\Program Files\Java\jre7\bin\verify.dll
0x000000006b8a0000 - 0x000000006b8c8000 	C:\Program Files\Java\jre7\bin\java.dll
0x000000006b460000 - 0x000000006b475000 	C:\Program Files\Java\jre7\bin\zip.dll
0x000000006aae0000 - 0x000000006aafa000 	C:\Program Files\Java\jre7\bin\net.dll
0x000007fefc7f0000 - 0x000007fefc845000 	C:\Windows\system32\mswsock.dll
0x000007fefc7e0000 - 0x000007fefc7e7000 	C:\Windows\System32\wship6.dll
0x000000006a8d0000 - 0x000000006a8e1000 	C:\Program Files\Java\jre7\bin\nio.dll
0x000000006a5c0000 - 0x000000006a5e4000 	C:\Program Files\Java\jre7\bin\sunec.dll
0x000000005e9e0000 - 0x000000005e9eb000 	C:\Program Files\Java\jre7\bin\sunmscapi.dll
0x000007fefd160000 - 0x000007fefd2cd000 	C:\Windows\system32\CRYPT32.dll
0x000007fefd090000 - 0x000007fefd09f000 	C:\Windows\system32\MSASN1.dll
0x000007fefc850000 - 0x000007fefc867000 	C:\Windows\system32\CRYPTSP.dll
0x000007fefc550000 - 0x000007fefc597000 	C:\Windows\system32\rsaenh.dll
0x000007fefc300000 - 0x000007fefc31e000 	C:\Windows\system32\USERENV.dll
0x000007fefcff0000 - 0x000007fefcfff000 	C:\Windows\system32\profapi.dll
0x000007fefcee0000 - 0x000007fefceef000 	C:\Windows\system32\CRYPTBASE.dll
0x000007fefab30000 - 0x000007fefab57000 	C:\Windows\system32\IPHLPAPI.DLL
0x000007fefab20000 - 0x000007fefab2b000 	C:\Windows\system32\WINNSI.DLL
0x000007fefa890000 - 0x000007fefa8a1000 	C:\Windows\system32\dhcpcsvc6.DLL
0x000007fefa860000 - 0x000007fefa878000 	C:\Windows\system32\dhcpcsvc.DLL

VM Arguments:
jvm_args: -Xms2048M -Xmx2048M -Xmn700M -XX:PermSize=128M -Djxl.nowarnings=true -XX:MaxPermSize=128M -Xss1024K -Djava.util.Arrays.useLegacyMergeSort=true -XX:+DisableExplicitGC -XX:SurvivorRatio=1 -XX:+UseConcMarkSweepGC -XX:+UseParNewGC -XX:+CMSParallelRemarkEnabled -XX:+UseCMSCompactAtFullCollection -XX:CMSFullGCsBeforeCompaction=0 -XX:+CMSClassUnloadingEnabled -XX:LargePageSizeInBytes=128M -XX:+UseFastAccessorMethods -XX:+UseCMSInitiatingOccupancyOnly -XX:CMSInitiatingOccupancyFraction=80 -XX:SoftRefLRUPolicyMSPerMB=0 -XX:+PrintClassHistogram -XX:+PrintGCDetails -XX:+PrintGCTimeStamps -Xloggc:gclog/gc.log 
java_command: muserver_01.jar
Launcher Type: SUN_STANDARD

Environment Variables:
PATH=C:\Windows\system32;C:\Windows;C:\Windows\System32\Wbem;C:\Windows\System32\WindowsPowerShell\v1.0\
USERNAME=Administrator
OS=Windows_NT
PROCESSOR_IDENTIFIER=Intel64 Family 6 Model 60 Stepping 3, GenuineIntel



---------------  S Y S T E M  ---------------

OS: Windows 7 , 64 bit Build 7601 Service Pack 1

CPU:total 4 (2 cores per cpu, 2 threads per core) family 6 model 60 stepping 3, cmov, cx8, fxsr, mmx, sse, sse2, sse3, ssse3, sse4.1, sse4.2, popcnt, avx, avx2, aes, erms, ht, tsc, tscinvbit

Memory: 4k page, physical 8256856k(3857428k free), swap 10352148k(4812k free)

vm_info: Java HotSpot(TM) 64-Bit Server VM (24.79-b02) for windows-amd64 JRE (1.7.0_79-b15), built on Apr 10 2015 12:36:16 by "java_re" with unknown MS VC++:1600

time: Thu Mar 08 11:21:33 2018
elapsed time: 0 seconds

