171028 16:18:54 [Note] Plugin 'FEDERATED' is disabled.
171028 16:18:55 InnoDB: The InnoDB memory heap is disabled
171028 16:18:55 InnoDB: Mutexes and rw_locks use Windows interlocked functions
171028 16:18:55 InnoDB: Compressed tables use zlib 1.2.3
171028 16:18:55 InnoDB: Initializing buffer pool, size = 47.0M
171028 16:18:55 InnoDB: Completed initialization of buffer pool
171028 16:18:55 InnoDB: highest supported file format is Barracuda.
InnoDB: The log sequence number in ibdata files does not match
InnoDB: the log sequence number in the ib_logfiles!
171028 16:18:55  InnoDB: Database was not shut down normally!
InnoDB: Starting crash recovery.
InnoDB: Reading tablespace information from the .ibd files...
InnoDB: Restoring possible half-written data pages from the doublewrite
InnoDB: buffer...
171028 16:18:58  InnoDB: Waiting for the background threads to start
171028 16:18:59 InnoDB: 5.5.53 started; log sequence number 512948259
171028 16:18:59 [Note] Server hostname (bind-address): '0.0.0.0'; port: 3306
171028 16:18:59 [Note]   - '0.0.0.0' resolves to '0.0.0.0';
171028 16:18:59 [Note] Server socket created on IP: '0.0.0.0'.
171028 16:18:59 [Note] Event Scheduler: Loaded 2 events
171028 16:18:59 [Note] MySQLa: ready for connections.
Version: '5.5.53'  socket: ''  port: 3306  MySQL Community Server (GPL)
